Using pre-set license
Built from '2020.3/staging' branch; Version is '2020.3.17f1 (a4537701e4ab) revision 10769271'; Using compiler version '192528614'; Build Type 'Release'
OS: 'Windows 10 Home; OS build 19042.1348; Version 2009; 64bit' Language: 'en' Physical Memory: 6058 MB
BatchMode: 1, IsHumanControllingUs: 0, StartBugReporterOnCrash: 0, Is64bit: 1, IsPro: 0

COMMAND LINE ARGUMENTS:
C:\Program Files\Unity\Hub\Editor\2020.3.17f1\Editor\Unity.exe
-adb2
-batchMode
-noUpm
-name
AssetImportWorker0
-projectPath
C:/Users/mjose/OneDrive/Documents/Fork Adrian Proyecto
-logFile
Logs/AssetImportWorker0.log
-srvPort
58301
Successfully changed project path to: C:/Users/mjose/OneDrive/Documents/Fork Adrian Proyecto
C:/Users/mjose/OneDrive/Documents/Fork Adrian Proyecto
Using Asset Import Pipeline V2.
Refreshing native plugins compatible for Editor in 137.13 ms, found 5 plugins.
Preloading 0 native plugins for Editor in 0.00 ms.
Initialize engine version: 2020.3.17f1 (a4537701e4ab)
[Subsystems] Discovering subsystems at path C:/Program Files/Unity/Hub/Editor/2020.3.17f1/Editor/Data/Resources/UnitySubsystems
[Subsystems] Discovering subsystems at path C:/Users/mjose/OneDrive/Documents/Fork Adrian Proyecto/Assets
GfxDevice: creating device client; threaded=0
Direct3D:
    Version:  Direct3D 11.0 [level 11.1]
    Renderer: AMD Radeon(TM) Vega 3 Graphics (ID=0x15d8)
    Vendor:   
    VRAM:     3029 MB
    Driver:   27.20.15030.3002
Initialize mono
Mono path[0] = 'C:/Program Files/Unity/Hub/Editor/2020.3.17f1/Editor/Data/Managed'
Mono path[1] = 'C:/Program Files/Unity/Hub/Editor/2020.3.17f1/Editor/Data/MonoBleedingEdge/lib/mono/unityjit'
Mono config path = 'C:/Program Files/Unity/Hub/Editor/2020.3.17f1/Editor/Data/MonoBleedingEdge/etc'
Using monoOptions --debugger-agent=transport=dt_socket,embedding=1,server=y,suspend=n,address=127.0.0.1:56012
Begin MonoManager ReloadAssembly
Registering precompiled unity dll's ...
Register platform support module: C:/Program Files/Unity/Hub/Editor/2020.3.17f1/Editor/Data/PlaybackEngines/WindowsStandaloneSupport/UnityEditor.WindowsStandalone.Extensions.dll
Registered in 0.009215 seconds.
Native extension for WindowsStandalone target not found
Refreshing native plugins compatible for Editor in 88.27 ms, found 5 plugins.
Preloading 0 native plugins for Editor in 0.00 ms.
Mono: successfully reloaded assembly
- Completed reload, in  6.264 seconds
Domain Reload Profiling:
	ReloadAssembly (6265ms)
		BeginReloadAssembly (336ms)
			ExecutionOrderSort (0ms)
			DisableScriptedObjects (0ms)
			BackupInstance (0ms)
			ReleaseScriptingObjects (0ms)
			CreateAndSetChildDomain (6ms)
		EndReloadAssembly (892ms)
			LoadAssemblies (323ms)
			RebuildTransferFunctionScriptingTraits (2ms)
			SetupTypeCache (322ms)
			ReleaseScriptCaches (0ms)
			RebuildScriptCaches (64ms)
			SetupLoadedEditorAssemblies (346ms)
				LogAssemblyErrors (0ms)
				InitializePlatformSupportModulesInManaged (9ms)
				SetLoadedEditorAssemblies (2ms)
				RefreshPlugins (88ms)
				BeforeProcessingInitializeOnLoad (15ms)
				ProcessInitializeOnLoadAttributes (159ms)
				ProcessInitializeOnLoadMethodAttributes (69ms)
				AfterProcessingInitializeOnLoad (0ms)
				EditorAssembliesLoaded (4ms)
			ExecutionOrderSort2 (0ms)
			AwakeInstancesAfterBackupRestoration (0ms)
Platform modules already initialized, skipping
Registering precompiled user dll's ...
Registered in 0.143170 seconds.
Begin MonoManager ReloadAssembly
Native extension for WindowsStandalone target not found
Refreshing native plugins compatible for Editor in 95.27 ms, found 5 plugins.
Preloading 0 native plugins for Editor in 0.00 ms.
Mono: successfully reloaded assembly
- Completed reload, in  2.884 seconds
Domain Reload Profiling:
	ReloadAssembly (2888ms)
		BeginReloadAssembly (365ms)
			ExecutionOrderSort (0ms)
			DisableScriptedObjects (10ms)
			BackupInstance (0ms)
			ReleaseScriptingObjects (0ms)
			CreateAndSetChildDomain (46ms)
		EndReloadAssembly (2376ms)
			LoadAssemblies (266ms)
			RebuildTransferFunctionScriptingTraits (0ms)
			SetupTypeCache (750ms)
			ReleaseScriptCaches (1ms)
			RebuildScriptCaches (99ms)
			SetupLoadedEditorAssemblies (968ms)
				LogAssemblyErrors (0ms)
				InitializePlatformSupportModulesInManaged (12ms)
				SetLoadedEditorAssemblies (0ms)
				RefreshPlugins (95ms)
				BeforeProcessingInitializeOnLoad (208ms)
				ProcessInitializeOnLoadAttributes (594ms)
				ProcessInitializeOnLoadMethodAttributes (36ms)
				AfterProcessingInitializeOnLoad (22ms)
				EditorAssembliesLoaded (0ms)
			ExecutionOrderSort2 (0ms)
			AwakeInstancesAfterBackupRestoration (15ms)
Platform modules already initialized, skipping
========================================================================
Worker process is ready to serve import requests
Launched and connected shader compiler UnityShaderCompiler.exe after 0.17 seconds
Refreshing native plugins compatible for Editor in 0.84 ms, found 5 plugins.
Preloading 0 native plugins for Editor in 0.00 ms.
Unloading 2243 Unused Serialized files (Serialized files now loaded: 0)
System memory in use before: 98.4 MB.
System memory in use after: 98.6 MB.

Unloading 44 unused Assets to reduce memory usage. Loaded Objects now: 2701.
Total: 14.078900 ms (FindLiveObjects: 0.474100 ms CreateObjectMapping: 0.119800 ms MarkObjects: 12.830400 ms  DeleteObjects: 0.651600 ms)

AssetImportParameters requested are different than current active one (requested -> active):
  custom:framework-win-MediaFoundation: 216162199b28c13a410421893ffa2e32 -> 
  custom:video-decoder-ogg-theora: a1e56fd34408186e4bbccfd4996cb3dc -> 
  custom:container-muxer-webm: aa71ff27fc2769a1b78a27578f13a17b -> 
  custom:container-demuxer-webm: 4f35f7cbe854078d1ac9338744f61a02 -> 
  custom:container-demuxer-ogg: 62fdf1f143b41e24485cea50d1cbac27 -> 
  custom:video-encoder-webm-vp8: eb34c28f22e8b96e1ab97ce403110664 -> 
  custom:video-decoder-webm-vp8: 9c59270c3fd7afecdb556c50c9e8de78 -> 
  custom:audio-decoder-ogg-vorbis: bf7c407c2cedff20999df2af8eb42d56 -> 
  custom:audio-encoder-webm-vorbis: bf7c407c2cedff20999df2af8eb42d56 -> 
========================================================================
Received Import Request.
  path: Assets/Character/MainCharacter/Corazón.png
  artifactKey: Guid(02b9ac2b2633e6a4cbe7bb7106cc524c) Importer(815301076,1909f56bfc062723c751e8b465ee728b)
Start importing Assets/Character/MainCharacter/Corazón.png using Guid(02b9ac2b2633e6a4cbe7bb7106cc524c) Importer(815301076,1909f56bfc062723c751e8b465ee728b)  -> (artifact id: 'b437e83303d970139c9e25afc2efc7ac') in 0.455483 seconds 
  Import took 0.464987 seconds .

========================================================================
Received Import Request.
  Time since last request: 0.001191 seconds.
  path: Assets/Character/MainCharacter/Sprite_Taller.png
  artifactKey: Guid(4800ac8c8ddc7774aaf69dc5933381a6) Importer(815301076,1909f56bfc062723c751e8b465ee728b)
Start importing Assets/Character/MainCharacter/Sprite_Taller.png using Guid(4800ac8c8ddc7774aaf69dc5933381a6) Importer(815301076,1909f56bfc062723c751e8b465ee728b)  -> (artifact id: 'c48c44f02df6b2bbf9205c6fe3f12017') in 0.054266 seconds 
  Import took 0.060172 seconds .

========================================================================
Received Import Request.
  Time since last request: 37.871011 seconds.
  path: Assets/Character/Vidas.cs
  artifactKey: Guid(5b75db191cd5c0a429ccad454aac7a38) Importer(815301076,1909f56bfc062723c751e8b465ee728b)
Start importing Assets/Character/Vidas.cs using Guid(5b75db191cd5c0a429ccad454aac7a38) Importer(815301076,1909f56bfc062723c751e8b465ee728b)  -> (artifact id: '474a4df94b57cab53c476d20c76562b5') in 0.038180 seconds 
  Import took 0.046083 seconds .

========================================================================
Received Import Request.
  Time since last request: 97.124576 seconds.
  path: Assets/Character/Enemies/Fantasma1.png
  artifactKey: Guid(832757149735911489791228e04843a8) Importer(815301076,1909f56bfc062723c751e8b465ee728b)
Start importing Assets/Character/Enemies/Fantasma1.png using Guid(832757149735911489791228e04843a8) Importer(815301076,1909f56bfc062723c751e8b465ee728b)  -> (artifact id: '5aa25ac1fdfcb483f2c984f216c7c623') in 0.062164 seconds 
  Import took 0.068762 seconds .

========================================================================
Received Import Request.
  Time since last request: 0.000490 seconds.
  path: Assets/Character/Enemies/Fantasma2.png
  artifactKey: Guid(00eda476af3cbca47b3a1902ce014c13) Importer(815301076,1909f56bfc062723c751e8b465ee728b)
Start importing Assets/Character/Enemies/Fantasma2.png using Guid(00eda476af3cbca47b3a1902ce014c13) Importer(815301076,1909f56bfc062723c751e8b465ee728b)  -> (artifact id: '554b4a6070a7c9695b13be024f6d8f3a') in 0.089651 seconds 
  Import took 0.100251 seconds .

========================================================================
Received Import Request.
  Time since last request: 399.158608 seconds.
  path: Assets/Character/SampleScene.unity
  artifactKey: Guid(2cda990e2423bbf4892e6590ba056729) Importer(815301076,1909f56bfc062723c751e8b465ee728b)
Start importing Assets/Character/SampleScene.unity using Guid(2cda990e2423bbf4892e6590ba056729) Importer(815301076,1909f56bfc062723c751e8b465ee728b)  -> (artifact id: '48debc2eacd57f630cfcc2e0774287bf') in 0.110718 seconds 
  Import took 0.122244 seconds .

========================================================================
Received Import Request.
  Time since last request: 0.882141 seconds.
  path: Assets/Character/SampleScene.unity
  artifactKey: Guid(2cda990e2423bbf4892e6590ba056729) Importer(815301076,1909f56bfc062723c751e8b465ee728b)
Start importing Assets/Character/SampleScene.unity using Guid(2cda990e2423bbf4892e6590ba056729) Importer(815301076,1909f56bfc062723c751e8b465ee728b)  -> (artifact id: '48debc2eacd57f630cfcc2e0774287bf') in 0.123772 seconds 
  Import took 0.145817 seconds .

========================================================================
Received Import Request.
  Time since last request: 45.302091 seconds.
  path: Assets/Character/SampleScene.unity
  artifactKey: Guid(2cda990e2423bbf4892e6590ba056729) Importer(815301076,1909f56bfc062723c751e8b465ee728b)
Start importing Assets/Character/SampleScene.unity using Guid(2cda990e2423bbf4892e6590ba056729) Importer(815301076,1909f56bfc062723c751e8b465ee728b)  -> (artifact id: '6080b8eb4868a2da1262ee3de6c2e609') in 0.080873 seconds 
  Import took 0.095892 seconds .

